0 info it worked if it ends with ok
1 verbose cli [ 'c:\\Program Files\\nodejs\\node.exe',
1 verbose cli   'c:\\Program Files\\nodejs\\node_modules\\npm\\bin\\npm-cli.js',
1 verbose cli   'install',
1 verbose cli   'router-parser',
1 verbose cli   '--save' ]
2 info using npm@1.4.28
3 info using node@v0.10.33
4 warn package.json proxima@0.0.0 No repository field.
5 verbose readDependencies using package.json deps
6 verbose cache add [ 'router-parser', null ]
7 verbose cache add name=undefined spec="router-parser" args=["router-parser",null]
8 verbose parsed url { protocol: null,
8 verbose parsed url   slashes: null,
8 verbose parsed url   auth: null,
8 verbose parsed url   host: null,
8 verbose parsed url   port: null,
8 verbose parsed url   hostname: null,
8 verbose parsed url   hash: null,
8 verbose parsed url   search: null,
8 verbose parsed url   query: null,
8 verbose parsed url   pathname: 'router-parser',
8 verbose parsed url   path: 'router-parser',
8 verbose parsed url   href: 'router-parser' }
9 silly lockFile 155b1ff5-router-parser router-parser
10 verbose lock router-parser C:\Users\rex\AppData\Roaming\npm-cache\155b1ff5-router-parser.lock
11 silly lockFile 155b1ff5-router-parser router-parser
12 silly lockFile 155b1ff5-router-parser router-parser
13 verbose addNamed [ 'router-parser', '' ]
14 verbose addNamed [ null, '*' ]
15 silly lockFile 770ef6cf-router-parser router-parser@
16 verbose lock router-parser@ C:\Users\rex\AppData\Roaming\npm-cache\770ef6cf-router-parser.lock
17 silly addNameRange { name: 'router-parser', range: '*', hasData: false }
18 verbose request where is /router-parser
19 verbose request registry https://registry.npmjs.org/
20 verbose request id 9bb8a7d35434f5d4
21 verbose url raw /router-parser
22 verbose url resolving [ 'https://registry.npmjs.org/', './router-parser' ]
23 verbose url resolved https://registry.npmjs.org/router-parser
24 verbose request where is https://registry.npmjs.org/router-parser
25 info trying registry request attempt 1 at 19:58:41
26 http GET https://registry.npmjs.org/router-parser
27 http 404 https://registry.npmjs.org/router-parser
28 verbose headers { date: 'Sat, 27 Dec 2014 00:58:41 GMT',
28 verbose headers   server: 'CouchDB/1.5.0 (Erlang OTP/R16B03)',
28 verbose headers   'content-type': 'application/json',
28 verbose headers   'cache-control': 'max-age=0',
28 verbose headers   'content-length': '52',
28 verbose headers   'accept-ranges': 'bytes',
28 verbose headers   via: '1.1 varnish',
28 verbose headers   age: '0',
28 verbose headers   'x-served-by': 'cache-jfk1034-JFK',
28 verbose headers   'x-cache': 'MISS',
28 verbose headers   'x-cache-hits': '0',
28 verbose headers   'x-timer': 'S1419641921.765012,VS0,VE85',
28 verbose headers   'keep-alive': 'timeout=10, max=50',
28 verbose headers   connection: 'Keep-Alive' }
29 silly registry.get cb [ 404,
29 silly registry.get   { date: 'Sat, 27 Dec 2014 00:58:41 GMT',
29 silly registry.get     server: 'CouchDB/1.5.0 (Erlang OTP/R16B03)',
29 silly registry.get     'content-type': 'application/json',
29 silly registry.get     'cache-control': 'max-age=0',
29 silly registry.get     'content-length': '52',
29 silly registry.get     'accept-ranges': 'bytes',
29 silly registry.get     via: '1.1 varnish',
29 silly registry.get     age: '0',
29 silly registry.get     'x-served-by': 'cache-jfk1034-JFK',
29 silly registry.get     'x-cache': 'MISS',
29 silly registry.get     'x-cache-hits': '0',
29 silly registry.get     'x-timer': 'S1419641921.765012,VS0,VE85',
29 silly registry.get     'keep-alive': 'timeout=10, max=50',
29 silly registry.get     connection: 'Keep-Alive' } ]
30 silly lockFile 770ef6cf-router-parser router-parser@
31 silly lockFile 770ef6cf-router-parser router-parser@
32 error 404 404 Not Found: router-parser
32 error 404
32 error 404 'router-parser' is not in the npm registry.
32 error 404 You should bug the author to publish it
32 error 404 It was specified as a dependency of 'proxima'
32 error 404
32 error 404 Note that you can also install from a
32 error 404 tarball, folder, or http url, or git url.
33 error System Windows_NT 6.2.9200
34 error command "c:\\Program Files\\nodejs\\node.exe" "c:\\Program Files\\nodejs\\node_modules\\npm\\bin\\npm-cli.js" "install" "router-parser" "--save"
35 error cwd d:\github\proxima\proxima
36 error node -v v0.10.33
37 error npm -v 1.4.28
38 error code E404
39 verbose exit [ 1, true ]
