0 info it worked if it ends with ok
1 verbose cli [ 'c:\\Program Files\\nodejs\\node.exe',
1 verbose cli   'c:\\Program Files\\nodejs\\node_modules\\npm\\bin\\npm-cli.js',
1 verbose cli   'install',
1 verbose cli   'bodyParser',
1 verbose cli   '--save' ]
2 info using npm@1.4.28
3 info using node@v0.10.33
4 warn package.json passport-local-examples-login@0.0.0 No description
5 warn package.json passport-local-examples-login@0.0.0 No repository field.
6 warn package.json passport-local-examples-login@0.0.0 No README data
7 verbose readDependencies using package.json deps
8 verbose cache add [ 'bodyParser', null ]
9 verbose cache add name=undefined spec="bodyParser" args=["bodyParser",null]
10 verbose parsed url { protocol: null,
10 verbose parsed url   slashes: null,
10 verbose parsed url   auth: null,
10 verbose parsed url   host: null,
10 verbose parsed url   port: null,
10 verbose parsed url   hostname: null,
10 verbose parsed url   hash: null,
10 verbose parsed url   search: null,
10 verbose parsed url   query: null,
10 verbose parsed url   pathname: 'bodyParser',
10 verbose parsed url   path: 'bodyParser',
10 verbose parsed url   href: 'bodyParser' }
11 silly lockFile caa4c3c7-bodyParser bodyParser
12 verbose lock bodyParser C:\Users\rex\AppData\Roaming\npm-cache\caa4c3c7-bodyParser.lock
13 silly lockFile caa4c3c7-bodyParser bodyParser
14 silly lockFile caa4c3c7-bodyParser bodyParser
15 verbose addNamed [ 'bodyParser', '' ]
16 verbose addNamed [ null, '*' ]
17 silly lockFile e0b6bd45-bodyParser bodyParser@
18 verbose lock bodyParser@ C:\Users\rex\AppData\Roaming\npm-cache\e0b6bd45-bodyParser.lock
19 silly addNameRange { name: 'bodyParser', range: '*', hasData: false }
20 verbose request where is /bodyParser
21 verbose request registry https://registry.npmjs.org/
22 verbose request id 56c0c1895d181227
23 verbose url raw /bodyParser
24 verbose url resolving [ 'https://registry.npmjs.org/', './bodyParser' ]
25 verbose url resolved https://registry.npmjs.org/bodyParser
26 verbose request where is https://registry.npmjs.org/bodyParser
27 info trying registry request attempt 1 at 14:03:26
28 http GET https://registry.npmjs.org/bodyParser
29 http 404 https://registry.npmjs.org/bodyParser
30 verbose headers { date: 'Sun, 04 Jan 2015 19:03:18 GMT',
30 verbose headers   server: 'CouchDB/1.5.0 (Erlang OTP/R14B04)',
30 verbose headers   'content-type': 'application/json',
30 verbose headers   'cache-control': 'max-age=0',
30 verbose headers   'content-length': '52',
30 verbose headers   'accept-ranges': 'bytes',
30 verbose headers   via: '1.1 varnish',
30 verbose headers   age: '0',
30 verbose headers   'x-served-by': 'cache-jfk1026-JFK',
30 verbose headers   'x-cache': 'MISS',
30 verbose headers   'x-cache-hits': '0',
30 verbose headers   'x-timer': 'S1420398198.181933,VS0,VE86',
30 verbose headers   'keep-alive': 'timeout=10, max=50',
30 verbose headers   connection: 'Keep-Alive' }
31 silly registry.get cb [ 404,
31 silly registry.get   { date: 'Sun, 04 Jan 2015 19:03:18 GMT',
31 silly registry.get     server: 'CouchDB/1.5.0 (Erlang OTP/R14B04)',
31 silly registry.get     'content-type': 'application/json',
31 silly registry.get     'cache-control': 'max-age=0',
31 silly registry.get     'content-length': '52',
31 silly registry.get     'accept-ranges': 'bytes',
31 silly registry.get     via: '1.1 varnish',
31 silly registry.get     age: '0',
31 silly registry.get     'x-served-by': 'cache-jfk1026-JFK',
31 silly registry.get     'x-cache': 'MISS',
31 silly registry.get     'x-cache-hits': '0',
31 silly registry.get     'x-timer': 'S1420398198.181933,VS0,VE86',
31 silly registry.get     'keep-alive': 'timeout=10, max=50',
31 silly registry.get     connection: 'Keep-Alive' } ]
32 silly lockFile e0b6bd45-bodyParser bodyParser@
33 silly lockFile e0b6bd45-bodyParser bodyParser@
34 error 404 404 Not Found: bodyParser
34 error 404
34 error 404 'bodyParser' is not in the npm registry.
34 error 404 You should bug the author to publish it
34 error 404 It was specified as a dependency of 'passport-local-examples-login'
34 error 404
34 error 404 Note that you can also install from a
34 error 404 tarball, folder, or http url, or git url.
35 error System Windows_NT 6.2.9200
36 error command "c:\\Program Files\\nodejs\\node.exe" "c:\\Program Files\\nodejs\\node_modules\\npm\\bin\\npm-cli.js" "install" "bodyParser" "--save"
37 error cwd d:\github\proxima\auth-server
38 error node -v v0.10.33
39 error npm -v 1.4.28
40 error code E404
41 verbose exit [ 1, true ]
